Using pre-set license
Built from '2020.3/staging' branch; Version is '2020.3.32f1 (12f8b0834f07) revision 1243312'; Using compiler version '192528614'; Build Type 'Release'
OS: 'Windows 10  (10.0.19044) 64bit Professional' Language: 'en' Physical Memory: 8105 MB
BatchMode: 1, IsHumanControllingUs: 0, StartBugReporterOnCrash: 0, Is64bit: 1, IsPro: 0

COMMAND LINE ARGUMENTS:
C:\Program Files\Unity\Hub\Editor\2020.3.32f1\Editor\Unity.exe
-adb2
-batchMode
-noUpm
-name
AssetImportWorker1
-projectPath
E:/Github/Twin-Cat-Cameras/Twin Cat Cameras
-logFile
Logs/AssetImportWorker1.log
-srvPort
60231
Successfully changed project path to: E:/Github/Twin-Cat-Cameras/Twin Cat Cameras
E:/Github/Twin-Cat-Cameras/Twin Cat Cameras
Using Asset Import Pipeline V2.
Refreshing native plugins compatible for Editor in 39.49 ms, found 2 plugins.
Preloading 0 native plugins for Editor in 0.00 ms.
Initialize engine version: 2020.3.32f1 (12f8b0834f07)
[Subsystems] Discovering subsystems at path C:/Program Files/Unity/Hub/Editor/2020.3.32f1/Editor/Data/Resources/UnitySubsystems
[Subsystems] Discovering subsystems at path E:/Github/Twin-Cat-Cameras/Twin Cat Cameras/Assets
GfxDevice: creating device client; threaded=0
Direct3D:
    Version:  Direct3D 11.0 [level 11.1]
    Renderer: NVIDIA GeForce GTX 1660 SUPER (ID=0x21c4)
    Vendor:   
    VRAM:     5991 MB
    Driver:   30.0.15.1259
Initialize mono
Mono path[0] = 'C:/Program Files/Unity/Hub/Editor/2020.3.32f1/Editor/Data/Managed'
Mono path[1] = 'C:/Program Files/Unity/Hub/Editor/2020.3.32f1/Editor/Data/MonoBleedingEdge/lib/mono/unityjit'
Mono config path = 'C:/Program Files/Unity/Hub/Editor/2020.3.32f1/Editor/Data/MonoBleedingEdge/etc'
Using monoOptions --debugger-agent=transport=dt_socket,embedding=1,server=y,suspend=n,address=127.0.0.1:56416
Begin MonoManager ReloadAssembly
Registering precompiled unity dll's ...
Register platform support module: C:/Program Files/Unity/Hub/Editor/2020.3.32f1/Editor/Data/PlaybackEngines/MacStandaloneSupport/UnityEditor.OSXStandalone.Extensions.dll
Register platform support module: C:/Program Files/Unity/Hub/Editor/2020.3.32f1/Editor/Data/PlaybackEngines/WindowsStandaloneSupport/UnityEditor.WindowsStandalone.Extensions.dll
Registered in 0.002834 seconds.
Native extension for WindowsStandalone target not found
Native extension for OSXStandalone target not found
Refreshing native plugins compatible for Editor in 35.43 ms, found 2 plugins.
Preloading 0 native plugins for Editor in 0.00 ms.
Mono: successfully reloaded assembly
- Completed reload, in  0.664 seconds
Domain Reload Profiling:
	ReloadAssembly (665ms)
		BeginReloadAssembly (69ms)
			ExecutionOrderSort (0ms)
			DisableScriptedObjects (0ms)
			BackupInstance (0ms)
			ReleaseScriptingObjects (0ms)
			CreateAndSetChildDomain (1ms)
		EndReloadAssembly (523ms)
			LoadAssemblies (66ms)
			RebuildTransferFunctionScriptingTraits (0ms)
			SetupTypeCache (218ms)
			ReleaseScriptCaches (0ms)
			RebuildScriptCaches (30ms)
			SetupLoadedEditorAssemblies (160ms)
				LogAssemblyErrors (0ms)
				InitializePlatformSupportModulesInManaged (5ms)
				SetLoadedEditorAssemblies (0ms)
				RefreshPlugins (36ms)
				BeforeProcessingInitializeOnLoad (8ms)
				ProcessInitializeOnLoadAttributes (83ms)
				ProcessInitializeOnLoadMethodAttributes (28ms)
				AfterProcessingInitializeOnLoad (0ms)
				EditorAssembliesLoaded (0ms)
			ExecutionOrderSort2 (0ms)
			AwakeInstancesAfterBackupRestoration (0ms)
Platform modules already initialized, skipping
Registering precompiled user dll's ...
Registered in 0.002434 seconds.
Begin MonoManager ReloadAssembly
Native extension for WindowsStandalone target not found
Native extension for OSXStandalone target not found
Refreshing native plugins compatible for Editor in 0.38 ms, found 2 plugins.
Preloading 0 native plugins for Editor in 0.00 ms.
Mono: successfully reloaded assembly
- Completed reload, in  1.648 seconds
Domain Reload Profiling:
	ReloadAssembly (1649ms)
		BeginReloadAssembly (156ms)
			ExecutionOrderSort (0ms)
			DisableScriptedObjects (5ms)
			BackupInstance (0ms)
			ReleaseScriptingObjects (0ms)
			CreateAndSetChildDomain (18ms)
		EndReloadAssembly (1433ms)
			LoadAssemblies (625ms)
			RebuildTransferFunctionScriptingTraits (0ms)
			SetupTypeCache (280ms)
			ReleaseScriptCaches (0ms)
			RebuildScriptCaches (46ms)
			SetupLoadedEditorAssemblies (403ms)
				LogAssemblyErrors (0ms)
				InitializePlatformSupportModulesInManaged (5ms)
				SetLoadedEditorAssemblies (0ms)
				RefreshPlugins (0ms)
				BeforeProcessingInitializeOnLoad (61ms)
				ProcessInitializeOnLoadAttributes (265ms)
				ProcessInitializeOnLoadMethodAttributes (63ms)
				AfterProcessingInitializeOnLoad (8ms)
				EditorAssembliesLoaded (0ms)
			ExecutionOrderSort2 (0ms)
			AwakeInstancesAfterBackupRestoration (7ms)
Platform modules already initialized, skipping
========================================================================
Worker process is ready to serve import requests
Launched and connected shader compiler UnityShaderCompiler.exe after 0.15 seconds
Refreshing native plugins compatible for Editor in 0.90 ms, found 2 plugins.
Preloading 0 native plugins for Editor in 0.00 ms.
Unloading 1940 Unused Serialized files (Serialized files now loaded: 0)
System memory in use before: 87.4 MB.
System memory in use after: 87.4 MB.

Unloading 17 unused Assets to reduce memory usage. Loaded Objects now: 2377.
Total: 186.754000 ms (FindLiveObjects: 0.262100 ms CreateObjectMapping: 0.102400 ms MarkObjects: 186.284000 ms  DeleteObjects: 0.103600 ms)

AssetImportParameters requested are different than current active one (requested -> active):
  custom:framework-win-MediaFoundation: 216162199b28c13a410421893ffa2e32 -> 
  custom:video-decoder-ogg-theora: a1e56fd34408186e4bbccfd4996cb3dc -> 
  custom:container-muxer-webm: aa71ff27fc2769a1b78a27578f13a17b -> 
  custom:container-demuxer-webm: 4f35f7cbe854078d1ac9338744f61a02 -> 
  custom:container-demuxer-ogg: 62fdf1f143b41e24485cea50d1cbac27 -> 
  custom:video-encoder-webm-vp8: eb34c28f22e8b96e1ab97ce403110664 -> 
  custom:video-decoder-webm-vp8: 9c59270c3fd7afecdb556c50c9e8de78 -> 
  custom:audio-decoder-ogg-vorbis: bf7c407c2cedff20999df2af8eb42d56 -> 
  custom:audio-encoder-webm-vorbis: bf7c407c2cedff20999df2af8eb42d56 -> 
========================================================================
Received Import Request.
  path: Assets/teleport.mat
  artifactKey: Guid(10a506e503b8b4c79a74a413af263e93) Importer(815301076,1909f56bfc062723c751e8b465ee728b)
Start importing Assets/teleport.mat using Guid(10a506e503b8b4c79a74a413af263e93) Importer(815301076,1909f56bfc062723c751e8b465ee728b)  -> (artifact id: '67c57af550a017fa1f95950a61e0acf8') in 0.900558 seconds 
========================================================================
Received Import Request.
  Time since last request: 0.000253 seconds.
  path: Assets/teleporter.prefab
  artifactKey: Guid(076ea3bd189df49e38076fbd42391584) Importer(815301076,1909f56bfc062723c751e8b465ee728b)
Start importing Assets/teleporter.prefab using Guid(076ea3bd189df49e38076fbd42391584) Importer(815301076,1909f56bfc062723c751e8b465ee728b)  -> (artifact id: 'e733e09ac637299f22e2345d4a74a259') in 0.176228 seconds 
========================================================================
Received Import Request.
  Time since last request: 0.000247 seconds.
  path: Assets/Player 1.mat
  artifactKey: Guid(9a87b1e9b1c1a4cbda8ea88b830d044a) Importer(815301076,1909f56bfc062723c751e8b465ee728b)
Start importing Assets/Player 1.mat using Guid(9a87b1e9b1c1a4cbda8ea88b830d044a) Importer(815301076,1909f56bfc062723c751e8b465ee728b)  -> (artifact id: '7a7824f602901b8afca315791f047c29') in 0.032246 seconds 
========================================================================
Received Import Request.
  Time since last request: 763.946043 seconds.
  path: Assets/Scenes/New Material.mat
  artifactKey: Guid(77877bd8e220f48cdbc7121322c04406) Importer(815301076,1909f56bfc062723c751e8b465ee728b)
Start importing Assets/Scenes/New Material.mat using Guid(77877bd8e220f48cdbc7121322c04406) Importer(815301076,1909f56bfc062723c751e8b465ee728b)  -> (artifact id: 'f9052da72eacef6f40f3f8b50e5dcc30') in 0.534378 seconds 
========================================================================
Received Import Request.
  Time since last request: 0.964934 seconds.
  path: Assets/Scenes/Level 1.unity
  artifactKey: Guid(33b1a1f666862455894c31b7654178d3) Importer(815301076,1909f56bfc062723c751e8b465ee728b)
Start importing Assets/Scenes/Level 1.unity using Guid(33b1a1f666862455894c31b7654178d3) Importer(815301076,1909f56bfc062723c751e8b465ee728b)  -> (artifact id: 'e5d07d4bcb9a5e9c74dbaada8e6c34da') in 0.004520 seconds 
========================================================================
Received Import Request.
  Time since last request: 10.567789 seconds.
  path: Assets/Scenes/Level 2.unity
  artifactKey: Guid(1a592a55237654bfe8171bf9739c8988) Importer(815301076,1909f56bfc062723c751e8b465ee728b)
Start importing Assets/Scenes/Level 2.unity using Guid(1a592a55237654bfe8171bf9739c8988) Importer(815301076,1909f56bfc062723c751e8b465ee728b)  -> (artifact id: 'a75e0c25a94b099f0b4d199c24136a71') in 0.017189 seconds 
========================================================================
Received Import Request.
  Time since last request: 12.736378 seconds.
  path: Assets/Scenes/Level 3.unity
  artifactKey: Guid(e7b0e27a99a4a4ba0b0c42f5b3d9ac1e) Importer(815301076,1909f56bfc062723c751e8b465ee728b)
Start importing Assets/Scenes/Level 3.unity using Guid(e7b0e27a99a4a4ba0b0c42f5b3d9ac1e) Importer(815301076,1909f56bfc062723c751e8b465ee728b)  -> (artifact id: '0f2aa1d5f50e4191bf41fc738399a840') in 0.005623 seconds 
========================================================================
Received Import Request.
  Time since last request: 1.377721 seconds.
  path: Assets/Scenes/Level 5.unity
  artifactKey: Guid(629577f0da7cf43bda3a5c9d43cc7de0) Importer(815301076,1909f56bfc062723c751e8b465ee728b)
Start importing Assets/Scenes/Level 5.unity using Guid(629577f0da7cf43bda3a5c9d43cc7de0) Importer(815301076,1909f56bfc062723c751e8b465ee728b)  -> (artifact id: 'fffe1d9d7f9a84dbc1a93b1910092f3a') in 0.006705 seconds 
========================================================================
Received Import Request.
  Time since last request: 0.539364 seconds.
  path: Assets/Scenes/Level 4.unity
  artifactKey: Guid(d9b4c1a1634874bc6897923593f40f78) Importer(815301076,1909f56bfc062723c751e8b465ee728b)
Start importing Assets/Scenes/Level 4.unity using Guid(d9b4c1a1634874bc6897923593f40f78) Importer(815301076,1909f56bfc062723c751e8b465ee728b)  -> (artifact id: '4fb263fc9bfd69b953d6873bc16d6fcd') in 0.008073 seconds 
========================================================================
Received Import Request.
  Time since last request: 0.975004 seconds.
  path: Assets/Scenes/MainMenu.unity
  artifactKey: Guid(a3feafd9e1b0f499a9c63cb72a8df0e3) Importer(815301076,1909f56bfc062723c751e8b465ee728b)
Start importing Assets/Scenes/MainMenu.unity using Guid(a3feafd9e1b0f499a9c63cb72a8df0e3) Importer(815301076,1909f56bfc062723c751e8b465ee728b)  -> (artifact id: 'bf3283238afd1dad632e52408e3fa7fe') in 0.006463 seconds 
========================================================================
Received Import Request.
  Time since last request: 2.136498 seconds.
  path: Assets/Scenes/SampleScene.unity
  artifactKey: Guid(9fc0d4010bbf28b4594072e72b8655ab) Importer(815301076,1909f56bfc062723c751e8b465ee728b)
Start importing Assets/Scenes/SampleScene.unity using Guid(9fc0d4010bbf28b4594072e72b8655ab) Importer(815301076,1909f56bfc062723c751e8b465ee728b)  -> (artifact id: '67840a42b138f5df447e7ea5a8758e3b') in 0.007343 seconds 
========================================================================
Received Import Request.
  Time since last request: 0.980467 seconds.
  path: Assets/Scenes/test building the maps.unity
  artifactKey: Guid(4aaa4f0a611887a4091154427813f52f) Importer(815301076,1909f56bfc062723c751e8b465ee728b)
Start importing Assets/Scenes/test building the maps.unity using Guid(4aaa4f0a611887a4091154427813f52f) Importer(815301076,1909f56bfc062723c751e8b465ee728b)  -> (artifact id: 'd8bb146ae6e121ac019e9c9e1f26f9bf') in 0.005371 seconds 
========================================================================
Received Import Request.
  Time since last request: 0.942733 seconds.
  path: Assets/Scenes/Test snce.unity
  artifactKey: Guid(e1a483cf8505345d3aa4d047c6f8c87b) Importer(815301076,1909f56bfc062723c751e8b465ee728b)
Start importing Assets/Scenes/Test snce.unity using Guid(e1a483cf8505345d3aa4d047c6f8c87b) Importer(815301076,1909f56bfc062723c751e8b465ee728b)  -> (artifact id: '4b2bbdb17d4afdc8a104c2a1816a00bd') in 0.022978 seconds 
