Unity Editor version:    2021.3.3f1 (af2e63e8f9bd)
Branch:                  2021.3/staging
Build type:              Release
Batch mode:              YES
macOS version:           Version 11.6 (Build 20G165)
Darwin version:          20.6.0
Architecture:            x86_64
Running under Rosetta:   NO
Available memory:        8192 MB
Using pre-set license
Pro License: YES

COMMAND LINE ARGUMENTS:
/Applications/Unity/Hub/Editor/2021.3.3f1/Unity.app/Contents/MacOS/Unity
-adb2
-batchMode
-noUpm
-name
AssetImportWorker0
-projectPath
/Users/sebgus2/Documents/GitHub/Twin-Cat-Cameras/Twin Cat Cameras
-logFile
Logs/AssetImportWorker0.log
-srvPort
50187
Successfully changed project path to: /Users/sebgus2/Documents/GitHub/Twin-Cat-Cameras/Twin Cat Cameras
/Users/sebgus2/Documents/GitHub/Twin-Cat-Cameras/Twin Cat Cameras
[UnityMemory] Configuration Parameters - Can be set up in boot.config
    "memorysetup-bucket-allocator-granularity=16"
    "memorysetup-bucket-allocator-bucket-count=8"
    "memorysetup-bucket-allocator-block-size=33554432"
    "memorysetup-bucket-allocator-block-count=8"
    "memorysetup-main-allocator-block-size=16777216"
    "memorysetup-thread-allocator-block-size=16777216"
    "memorysetup-gfx-main-allocator-block-size=16777216"
    "memorysetup-gfx-thread-allocator-block-size=16777216"
    "memorysetup-cache-allocator-block-size=4194304"
    "memorysetup-typetree-allocator-block-size=2097152"
    "memorysetup-profiler-bucket-allocator-granularity=16"
    "memorysetup-profiler-bucket-allocator-bucket-count=8"
    "memorysetup-profiler-bucket-allocator-block-size=33554432"
    "memorysetup-profiler-bucket-allocator-block-count=8"
    "memorysetup-profiler-allocator-block-size=16777216"
    "memorysetup-profiler-editor-allocator-block-size=1048576"
    "memorysetup-temp-allocator-size-main=16777216"
    "memorysetup-job-temp-allocator-block-size=2097152"
    "memorysetup-job-temp-allocator-block-size-background=1048576"
    "memorysetup-job-temp-allocator-reduction-small-platforms=262144"
    "memorysetup-temp-allocator-size-background-worker=32768"
    "memorysetup-temp-allocator-size-job-worker=262144"
    "memorysetup-temp-allocator-size-preload-manager=33554432"
    "memorysetup-temp-allocator-size-nav-mesh-worker=65536"
    "memorysetup-temp-allocator-size-audio-worker=65536"
    "memorysetup-temp-allocator-size-cloud-worker=32768"
    "memorysetup-temp-allocator-size-gi-baking-worker=262144"
    "memorysetup-temp-allocator-size-gfx=262144"
Refreshing native plugins compatible for Editor in 105.88 ms, found 2 plugins.
Preloading 0 native plugins for Editor in 0.00 ms.
Initialize engine version: 2021.3.3f1 (af2e63e8f9bd)
[Subsystems] Discovering subsystems at path /Applications/Unity/Hub/Editor/2021.3.3f1/Unity.app/Contents/Resources/UnitySubsystems
[Subsystems] Discovering subsystems at path /Users/sebgus2/Documents/GitHub/Twin-Cat-Cameras/Twin Cat Cameras/Assets
GfxDevice: creating device client; threaded=0; jobified=0
Color LCD preferred device: Intel(R) Iris(TM) Graphics 6000 (low power)
Metal devices available: 1
0: Intel(R) Iris(TM) Graphics 6000 (low power)
Using device Intel(R) Iris(TM) Graphics 6000 (low power)
Initializing Metal device caps: Intel(R) Iris(TM) Graphics 6000
Initialize mono
Mono path[0] = '/Applications/Unity/Hub/Editor/2021.3.3f1/Unity.app/Contents/Managed'
Mono path[1] = '/Applications/Unity/Hub/Editor/2021.3.3f1/Unity.app/Contents/MonoBleedingEdge/lib/mono/unityjit-macos'
Mono config path = '/Applications/Unity/Hub/Editor/2021.3.3f1/Unity.app/Contents/MonoBleedingEdge/etc'
Using monoOptions --debugger-agent=transport=dt_socket,embedding=1,server=y,suspend=n,address=127.0.0.1:56926
Begin MonoManager ReloadAssembly
Registering precompiled unity dll's ...
Register platform support module: /Applications/Unity/Hub/Editor/2021.3.3f1/Unity.app/Contents/PlaybackEngines/MacStandaloneSupport/UnityEditor.OSXStandalone.Extensions.dll
Register platform support module: /Applications/Unity/Hub/Editor/2021.3.3f1/PlaybackEngines/WindowsStandaloneSupport/UnityEditor.WindowsStandalone.Extensions.dll
Registered in 0.011387 seconds.
Native extension for WindowsStandalone target not found
Native extension for OSXStandalone target not found
Refreshing native plugins compatible for Editor in 52.00 ms, found 2 plugins.
Preloading 0 native plugins for Editor in 0.00 ms.
Mono: successfully reloaded assembly
- Completed reload, in  1.755 seconds
Domain Reload Profiling:
	ReloadAssembly (1756ms)
		BeginReloadAssembly (525ms)
			ExecutionOrderSort (0ms)
			DisableScriptedObjects (0ms)
			BackupInstance (0ms)
			ReleaseScriptingObjects (0ms)
			CreateAndSetChildDomain (1ms)
		EndReloadAssembly (944ms)
			LoadAssemblies (543ms)
			RebuildTransferFunctionScriptingTraits (0ms)
			SetupTypeCache (256ms)
			ReleaseScriptCaches (0ms)
			RebuildScriptCaches (70ms)
			SetupLoadedEditorAssemblies (493ms)
				LogAssemblyErrors (0ms)
				InitializePlatformSupportModulesInManaged (20ms)
				SetLoadedEditorAssemblies (0ms)
				RefreshPlugins (52ms)
				BeforeProcessingInitializeOnLoad (2ms)
				ProcessInitializeOnLoadAttributes (332ms)
				ProcessInitializeOnLoadMethodAttributes (86ms)
				AfterProcessingInitializeOnLoad (0ms)
				EditorAssembliesLoaded (0ms)
			ExecutionOrderSort2 (0ms)
			AwakeInstancesAfterBackupRestoration (0ms)
Platform modules already initialized, skipping
Registering precompiled user dll's ...
Registered in 0.029095 seconds.
Begin MonoManager ReloadAssembly
Native extension for WindowsStandalone target not found
Native extension for OSXStandalone target not found
Refreshing native plugins compatible for Editor in 0.58 ms, found 2 plugins.
Preloading 0 native plugins for Editor in 0.00 ms.
Mono: successfully reloaded assembly
- Completed reload, in  2.936 seconds
Domain Reload Profiling:
	ReloadAssembly (2938ms)
		BeginReloadAssembly (252ms)
			ExecutionOrderSort (0ms)
			DisableScriptedObjects (15ms)
			BackupInstance (0ms)
			ReleaseScriptingObjects (0ms)
			CreateAndSetChildDomain (60ms)
		EndReloadAssembly (2064ms)
			LoadAssemblies (265ms)
			RebuildTransferFunctionScriptingTraits (0ms)
			SetupTypeCache (513ms)
			ReleaseScriptCaches (1ms)
			RebuildScriptCaches (96ms)
			SetupLoadedEditorAssemblies (1106ms)
				LogAssemblyErrors (0ms)
				InitializePlatformSupportModulesInManaged (12ms)
				SetLoadedEditorAssemblies (1ms)
				RefreshPlugins (1ms)
				BeforeProcessingInitializeOnLoad (105ms)
				ProcessInitializeOnLoadAttributes (919ms)
				ProcessInitializeOnLoadMethodAttributes (64ms)
				AfterProcessingInitializeOnLoad (4ms)
				EditorAssembliesLoaded (0ms)
			ExecutionOrderSort2 (0ms)
			AwakeInstancesAfterBackupRestoration (7ms)
Platform modules already initialized, skipping
========================================================================
Worker process is ready to serve import requests
Launching external process: /Applications/Unity/Hub/Editor/2021.3.3f1/Unity.app/Contents/Tools/UnityShaderCompiler
Launched and connected shader compiler UnityShaderCompiler after 0.03 seconds
Refreshing native plugins compatible for Editor in 0.78 ms, found 2 plugins.
Preloading 0 native plugins for Editor in 0.00 ms.
Unloading 2138 Unused Serialized files (Serialized files now loaded: 0)
Unloading 80 unused Assets / (181.8 KB). Loaded Objects now: 2595.
Memory consumption went from 185.4 MB to 185.3 MB.
Total: 9.647380 ms (FindLiveObjects: 0.656794 ms CreateObjectMapping: 0.550090 ms MarkObjects: 8.143257 ms  DeleteObjects: 0.295193 ms)

AssetImportParameters requested are different than current active one (requested -> active):
  custom:video-decoder-ogg-theora: a1e56fd34408186e4bbccfd4996cb3dc -> 
  custom:container-muxer-webm: aa71ff27fc2769a1b78a27578f13a17b -> 
  custom:container-demuxer-webm: 4f35f7cbe854078d1ac9338744f61a02 -> 
  custom:video-encoder-webm-vp8: eb34c28f22e8b96e1ab97ce403110664 -> 
  custom:framework-osx-AVFoundation: e770b220cccbd017edd2c1fefb359320 -> 
  custom:audio-encoder-webm-vorbis: bf7c407c2cedff20999df2af8eb42d56 -> 
  custom:container-demuxer-ogg: 62fdf1f143b41e24485cea50d1cbac27 -> 
  custom:video-decoder-webm-vp8: 9c59270c3fd7afecdb556c50c9e8de78 -> 
  custom:audio-decoder-ogg-vorbis: bf7c407c2cedff20999df2af8eb42d56 -> 
========================================================================
Received Import Request.
  Time since last request: 3206.543492 seconds.
  path: Assets/Scenes/New Material.mat
  artifactKey: Guid(77877bd8e220f48cdbc7121322c04406) Importer(815301076,1909f56bfc062723c751e8b465ee728b)
Start importing Assets/Scenes/New Material.mat using Guid(77877bd8e220f48cdbc7121322c04406) Importer(815301076,1909f56bfc062723c751e8b465ee728b)  -> (artifact id: '87f7883b69268e6cecc82721e9b0ecab') in 3.470967 seconds 
========================================================================
Received Import Request.
  Time since last request: 0.000193 seconds.
  path: Assets/Scenes/SampleScene.unity
  artifactKey: Guid(9fc0d4010bbf28b4594072e72b8655ab) Importer(815301076,1909f56bfc062723c751e8b465ee728b)
Start importing Assets/Scenes/SampleScene.unity using Guid(9fc0d4010bbf28b4594072e72b8655ab) Importer(815301076,1909f56bfc062723c751e8b465ee728b)  -> (artifact id: '528fde1f64a285ed4a18620e5e409cb0') in 0.003849 seconds 
========================================================================
Received Import Request.
  Time since last request: 183.736688 seconds.
  path: Assets/animatio/TCC_MC_Done.fbx
  artifactKey: Guid(1d07a0a7ad4bb406b88bab9d6fb23178) Importer(815301076,1909f56bfc062723c751e8b465ee728b)
Start importing Assets/animatio/TCC_MC_Done.fbx using Guid(1d07a0a7ad4bb406b88bab9d6fb23178) Importer(815301076,1909f56bfc062723c751e8b465ee728b)  -> (artifact id: 'c9f1b63c7adee51ec9ad3b2a5f27412c') in 1.046021 seconds 
========================================================================
Received Import Request.
  Time since last request: 178.367610 seconds.
  path: Assets/animatio/TCC_MC_Done.fbx
  artifactKey: Guid(1d07a0a7ad4bb406b88bab9d6fb23178) Importer(815301076,1909f56bfc062723c751e8b465ee728b)
Start importing Assets/animatio/TCC_MC_Done.fbx using Guid(1d07a0a7ad4bb406b88bab9d6fb23178) Importer(815301076,1909f56bfc062723c751e8b465ee728b)  -> (artifact id: 'd6443fb985f09e7055ad2c67094edb9e') in 0.158856 seconds 
========================================================================
Received Import Request.
  Time since last request: 34.231037 seconds.
  path: Assets/animatio/Animation controler.controller
  artifactKey: Guid(970d18c3faffd49539fa30df3fb57737) Importer(815301076,1909f56bfc062723c751e8b465ee728b)
Start importing Assets/animatio/Animation controler.controller using Guid(970d18c3faffd49539fa30df3fb57737) Importer(815301076,1909f56bfc062723c751e8b465ee728b)  -> (artifact id: 'b73f88b51d277c1b870d7003a6ca7ebc') in 0.417300 seconds 
========================================================================
Received Prepare
Registering precompiled user dll's ...
Registered in 0.002005 seconds.
Begin MonoManager ReloadAssembly
Native extension for WindowsStandalone target not found
Native extension for OSXStandalone target not found
Refreshing native plugins compatible for Editor in 0.94 ms, found 2 plugins.
Preloading 0 native plugins for Editor in 0.00 ms.
Warning: Annotation not found!
UnityEngine.StackTraceUtility:ExtractStackTrace () (at /Users/bokken/buildslave/unity/build/Runtime/Export/Scripting/StackTrace.cs:37)
UnityEditor.ProBuilder.EditorUtility:SetGizmoIconEnabled (System.Type,bool) (at Library/PackageCache/com.unity.probuilder@5.0.3/Editor/EditorCore/EditorUtility.cs:575)
UnityEditor.ProBuilder.HierarchyListener:.cctor () (at Library/PackageCache/com.unity.probuilder@5.0.3/Editor/EditorCore/HierarchyListener.cs:21)
System.Runtime.CompilerServices.RuntimeHelpers:RunClassConstructor (System.RuntimeTypeHandle)
UnityEditor.EditorAssemblies:ProcessInitializeOnLoadAttributes (System.Type[]) (at /Users/bokken/buildslave/unity/build/Editor/Mono/EditorAssemblies.cs:126)

[Library/PackageCache/com.unity.probuilder@5.0.3/Editor/EditorCore/EditorUtility.cs line 575]

Mono: successfully reloaded assembly
- Completed reload, in  5.174 seconds
Domain Reload Profiling:
	ReloadAssembly (5177ms)
		BeginReloadAssembly (661ms)
			ExecutionOrderSort (0ms)
			DisableScriptedObjects (23ms)
			BackupInstance (0ms)
			ReleaseScriptingObjects (0ms)
			CreateAndSetChildDomain (256ms)
		EndReloadAssembly (3977ms)
			LoadAssemblies (318ms)
			RebuildTransferFunctionScriptingTraits (0ms)
			SetupTypeCache (1102ms)
			ReleaseScriptCaches (4ms)
			RebuildScriptCaches (230ms)
			SetupLoadedEditorAssemblies (2076ms)
				LogAssemblyErrors (0ms)
				InitializePlatformSupportModulesInManaged (60ms)
				SetLoadedEditorAssemblies (2ms)
				RefreshPlugins (1ms)
				BeforeProcessingInitializeOnLoad (227ms)
				ProcessInitializeOnLoadAttributes (1590ms)
				ProcessInitializeOnLoadMethodAttributes (176ms)
				AfterProcessingInitializeOnLoad (20ms)
				EditorAssembliesLoaded (0ms)
			ExecutionOrderSort2 (0ms)
			AwakeInstancesAfterBackupRestoration (12ms)
Platform modules already initialized, skipping
Refreshing native plugins compatible for Editor in 6.82 ms, found 2 plugins.
Preloading 0 native plugins for Editor in 0.00 ms.
Unloading 2108 Unused Serialized files (Serialized files now loaded: 0)
Unloading 15 unused Assets / (91.3 KB). Loaded Objects now: 2643.
Memory consumption went from 216.3 MB to 216.2 MB.
Total: 5.854529 ms (FindLiveObjects: 0.331920 ms CreateObjectMapping: 0.232153 ms MarkObjects: 5.140869 ms  DeleteObjects: 0.148079 ms)

AssetImportParameters requested are different than current active one (requested -> active):
  custom:video-decoder-ogg-theora: a1e56fd34408186e4bbccfd4996cb3dc -> 
  custom:container-muxer-webm: aa71ff27fc2769a1b78a27578f13a17b -> 
  custom:container-demuxer-webm: 4f35f7cbe854078d1ac9338744f61a02 -> 
  custom:video-encoder-webm-vp8: eb34c28f22e8b96e1ab97ce403110664 -> 
  custom:framework-osx-AVFoundation: e770b220cccbd017edd2c1fefb359320 -> 
  custom:audio-encoder-webm-vorbis: bf7c407c2cedff20999df2af8eb42d56 -> 
  custom:container-demuxer-ogg: 62fdf1f143b41e24485cea50d1cbac27 -> 
  custom:video-decoder-webm-vp8: 9c59270c3fd7afecdb556c50c9e8de78 -> 
  custom:audio-decoder-ogg-vorbis: bf7c407c2cedff20999df2af8eb42d56 -> 
========================================================================
Received Import Request.
  Time since last request: 229.679681 seconds.
  path: Assets/art/Materials
  artifactKey: Guid(290ba307eef4d43989c76cb87aed099a) Importer(815301076,1909f56bfc062723c751e8b465ee728b)
Start importing Assets/art/Materials using Guid(290ba307eef4d43989c76cb87aed099a) Importer(815301076,1909f56bfc062723c751e8b465ee728b)  -> (artifact id: '5b44e3b408633eda84d8bfd289ad5ba5') in 0.015948 seconds 
========================================================================
Received Import Request.
  Time since last request: 125.399095 seconds.
  path: Assets/art/Materials/TCC_MC_TexturePaint_White.png
  artifactKey: Guid(10e37f95837f2407e871f78f88b300c4) Importer(815301076,1909f56bfc062723c751e8b465ee728b)
Start importing Assets/art/Materials/TCC_MC_TexturePaint_White.png using Guid(10e37f95837f2407e871f78f88b300c4) Importer(815301076,1909f56bfc062723c751e8b465ee728b)  -> (artifact id: 'affaf2480c5648cc398f192930e5014a') in 2.230725 seconds 
========================================================================
Received Import Request.
  Time since last request: 34.504155 seconds.
  path: Assets/art/Materials/TCC_MC_TexturePaint_White.png
  artifactKey: Guid(10e37f95837f2407e871f78f88b300c4) Importer(815301076,1909f56bfc062723c751e8b465ee728b)
Start importing Assets/art/Materials/TCC_MC_TexturePaint_White.png using Guid(10e37f95837f2407e871f78f88b300c4) Importer(815301076,1909f56bfc062723c751e8b465ee728b)  -> (artifact id: '0d2f29cc4e309d18f4a1a0835e6fbb02') in 0.051815 seconds 
========================================================================
Received Import Request.
  Time since last request: 13.537406 seconds.
  path: Assets/art/Materials/New Material.mat
  artifactKey: Guid(be47da7ce0041415e8c71b61355591e9) Importer(815301076,1909f56bfc062723c751e8b465ee728b)
Start importing Assets/art/Materials/New Material.mat using Guid(be47da7ce0041415e8c71b61355591e9) Importer(815301076,1909f56bfc062723c751e8b465ee728b)  -> (artifact id: '988caa4843a87673a8022a6436fc3d0e') in 0.125982 seconds 
========================================================================
Received Import Request.
  Time since last request: 57.931351 seconds.
  path: Assets/art/Materials/New Material 1.mat
  artifactKey: Guid(578983a6081104affba43c90f99b8556) Importer(815301076,1909f56bfc062723c751e8b465ee728b)
Start importing Assets/art/Materials/New Material 1.mat using Guid(578983a6081104affba43c90f99b8556) Importer(815301076,1909f56bfc062723c751e8b465ee728b)  -> (artifact id: '53437258883c633d88fbd8c63a141126') in 0.020148 seconds 
========================================================================
Received Import Request.
  Time since last request: 155.351832 seconds.
  path: Assets/art/Buttons/again.png
  artifactKey: Guid(3ee69970b0c8c4f6f9ccab253c014c80) Importer(815301076,1909f56bfc062723c751e8b465ee728b)
Start importing Assets/art/Buttons/again.png using Guid(3ee69970b0c8c4f6f9ccab253c014c80) Importer(815301076,1909f56bfc062723c751e8b465ee728b)  -> (artifact id: 'c0723fd4be74fe5ebf5b6e46bcfbfe0d') in 0.260098 seconds 
========================================================================
Received Import Request.
  Time since last request: 0.000276 seconds.
  path: Assets/art/Buttons/Quit (thanks DANTE).png
  artifactKey: Guid(c5cdf872a59a6444c93565337f7e0faf) Importer(815301076,1909f56bfc062723c751e8b465ee728b)
Start importing Assets/art/Buttons/Quit (thanks DANTE).png using Guid(c5cdf872a59a6444c93565337f7e0faf) Importer(815301076,1909f56bfc062723c751e8b465ee728b)  -> (artifact id: '2cb90eb9fe970c26518ebb330231174a') in 0.068394 seconds 
========================================================================
Received Import Request.
  Time since last request: 0.000122 seconds.
  path: Assets/animatio/2D/fill upp animation 200x1024.png
  artifactKey: Guid(5ec952c9f0cc049e7aff99535dba62d9) Importer(815301076,1909f56bfc062723c751e8b465ee728b)
Start importing Assets/animatio/2D/fill upp animation 200x1024.png using Guid(5ec952c9f0cc049e7aff99535dba62d9) Importer(815301076,1909f56bfc062723c751e8b465ee728b)  -> (artifact id: '95f598d44ee707e5ebf12cf05e4323c3') in 0.389496 seconds 
========================================================================
Received Import Request.
  Time since last request: 0.000159 seconds.
  path: Assets/animatio/2D/fill upp animation red.png
  artifactKey: Guid(68a3d09aa75fa4183a27ae0a391b97d9) Importer(815301076,1909f56bfc062723c751e8b465ee728b)
Start importing Assets/animatio/2D/fill upp animation red.png using Guid(68a3d09aa75fa4183a27ae0a391b97d9) Importer(815301076,1909f56bfc062723c751e8b465ee728b)  -> (artifact id: '2b2a0c592cfb4e84c815b6b037502457') in 0.309223 seconds 
========================================================================
Received Import Request.
  Time since last request: 0.000133 seconds.
  path: Assets/art/Buttons/question mark.png
  artifactKey: Guid(72c9066c1190943ddb55ce5d012dee10) Importer(815301076,1909f56bfc062723c751e8b465ee728b)
Start importing Assets/art/Buttons/question mark.png using Guid(72c9066c1190943ddb55ce5d012dee10) Importer(815301076,1909f56bfc062723c751e8b465ee728b)  -> (artifact id: '5142b39d0d2d099271480227d4eb9f1b') in 0.055426 seconds 
========================================================================
Received Import Request.
  Time since last request: 0.000130 seconds.
  path: Assets/art/Buttons/play.png
  artifactKey: Guid(8d9588769386d4d6cb97f06e444029c4) Importer(815301076,1909f56bfc062723c751e8b465ee728b)
Start importing Assets/art/Buttons/play.png using Guid(8d9588769386d4d6cb97f06e444029c4) Importer(815301076,1909f56bfc062723c751e8b465ee728b)  -> (artifact id: '35896ddf2aff02cf911839236d41302d') in 0.067679 seconds 
========================================================================
Received Import Request.
  Time since last request: 14.786427 seconds.
  path: Assets/materials/New Material.mat
  artifactKey: Guid(e4453a0d4fa474788ac0aae5fe74605c) Importer(815301076,1909f56bfc062723c751e8b465ee728b)
Start importing Assets/materials/New Material.mat using Guid(e4453a0d4fa474788ac0aae5fe74605c) Importer(815301076,1909f56bfc062723c751e8b465ee728b)  -> (artifact id: '9688257537fb34c8e51c2e1d35693243') in 0.042415 seconds 
========================================================================
Received Import Request.
  Time since last request: 0.000130 seconds.
  path: Assets/materials/New Material 1.mat
  artifactKey: Guid(42249ca2c517f418384bf88e2ae37d15) Importer(815301076,1909f56bfc062723c751e8b465ee728b)
Start importing Assets/materials/New Material 1.mat using Guid(42249ca2c517f418384bf88e2ae37d15) Importer(815301076,1909f56bfc062723c751e8b465ee728b)  -> (artifact id: 'd7b3ba916f834e23fe5a6c2fdc1d7b74') in 0.027735 seconds 
========================================================================
Received Import Request.
  Time since last request: 72.797437 seconds.
  path: Assets/art/Materials/White cat tezture.mat
  artifactKey: Guid(578983a6081104affba43c90f99b8556) Importer(815301076,1909f56bfc062723c751e8b465ee728b)
Start importing Assets/art/Materials/White cat tezture.mat using Guid(578983a6081104affba43c90f99b8556) Importer(815301076,1909f56bfc062723c751e8b465ee728b)  -> (artifact id: 'eb7010c22869ccb2ab5bf3fecf7e05b4') in 1.366498 seconds 
========================================================================
Received Import Request.
  Time since last request: 7.583411 seconds.
  path: Assets/art/Materials/TCC_MC_TexturePaint_White.png
  artifactKey: Guid(10e37f95837f2407e871f78f88b300c4) Importer(815301076,1909f56bfc062723c751e8b465ee728b)
Start importing Assets/art/Materials/TCC_MC_TexturePaint_White.png using Guid(10e37f95837f2407e871f78f88b300c4) Importer(815301076,1909f56bfc062723c751e8b465ee728b)  -> (artifact id: '52c5e7bb8aa40b6b7ba8bdc118f3b71a') in 0.182925 seconds 
========================================================================
Received Import Request.
  Time since last request: 0.000111 seconds.
  path: Assets/art/Materials/White cat tezture.mat
  artifactKey: Guid(578983a6081104affba43c90f99b8556) Importer(815301076,1909f56bfc062723c751e8b465ee728b)
Start importing Assets/art/Materials/White cat tezture.mat using Guid(578983a6081104affba43c90f99b8556) Importer(815301076,1909f56bfc062723c751e8b465ee728b)  -> (artifact id: '625419d46e906a4c9cf905f7832d5313') in 0.057124 seconds 
========================================================================
Received Import Request.
  Time since last request: 39.136458 seconds.
  path: Assets/art/Materials/TCC_MC_TexturePaint_White.png
  artifactKey: Guid(10e37f95837f2407e871f78f88b300c4) Importer(815301076,1909f56bfc062723c751e8b465ee728b)
Start importing Assets/art/Materials/TCC_MC_TexturePaint_White.png using Guid(10e37f95837f2407e871f78f88b300c4) Importer(815301076,1909f56bfc062723c751e8b465ee728b)  -> (artifact id: '62fce3609f7150e92209bc401e1de675') in 0.031079 seconds 
========================================================================
Received Import Request.
  Time since last request: 0.000739 seconds.
  path: Assets/art/Materials/White cat tezture.mat
  artifactKey: Guid(578983a6081104affba43c90f99b8556) Importer(815301076,1909f56bfc062723c751e8b465ee728b)
Start importing Assets/art/Materials/White cat tezture.mat using Guid(578983a6081104affba43c90f99b8556) Importer(815301076,1909f56bfc062723c751e8b465ee728b)  -> (artifact id: '159121b6a5480953841fd33b3a2adbd9') in 0.040366 seconds 
========================================================================
Received Prepare
Registering precompiled user dll's ...
Registered in 0.002037 seconds.
Begin MonoManager ReloadAssembly
Native extension for WindowsStandalone target not found
Native extension for OSXStandalone target not found
Refreshing native plugins compatible for Editor in 0.91 ms, found 2 plugins.
Preloading 0 native plugins for Editor in 0.00 ms.
Warning: Annotation not found!
UnityEngine.StackTraceUtility:ExtractStackTrace () (at /Users/bokken/buildslave/unity/build/Runtime/Export/Scripting/StackTrace.cs:37)
UnityEditor.ProBuilder.EditorUtility:SetGizmoIconEnabled (System.Type,bool) (at Library/PackageCache/com.unity.probuilder@5.0.3/Editor/EditorCore/EditorUtility.cs:575)
UnityEditor.ProBuilder.HierarchyListener:.cctor () (at Library/PackageCache/com.unity.probuilder@5.0.3/Editor/EditorCore/HierarchyListener.cs:21)
System.Runtime.CompilerServices.RuntimeHelpers:RunClassConstructor (System.RuntimeTypeHandle)
UnityEditor.EditorAssemblies:ProcessInitializeOnLoadAttributes (System.Type[]) (at /Users/bokken/buildslave/unity/build/Editor/Mono/EditorAssemblies.cs:126)

[Library/PackageCache/com.unity.probuilder@5.0.3/Editor/EditorCore/EditorUtility.cs line 575]

Mono: successfully reloaded assembly
- Completed reload, in  4.924 seconds
Domain Reload Profiling:
	ReloadAssembly (4931ms)
		BeginReloadAssembly (1124ms)
			ExecutionOrderSort (0ms)
			DisableScriptedObjects (38ms)
			BackupInstance (0ms)
			ReleaseScriptingObjects (0ms)
			CreateAndSetChildDomain (418ms)
		EndReloadAssembly (3379ms)
			LoadAssemblies (764ms)
			RebuildTransferFunctionScriptingTraits (0ms)
			SetupTypeCache (1029ms)
			ReleaseScriptCaches (6ms)
			RebuildScriptCaches (234ms)
			SetupLoadedEditorAssemblies (1266ms)
				LogAssemblyErrors (0ms)
				InitializePlatformSupportModulesInManaged (59ms)
				SetLoadedEditorAssemblies (2ms)
				RefreshPlugins (1ms)
				BeforeProcessingInitializeOnLoad (164ms)
				ProcessInitializeOnLoadAttributes (825ms)
				ProcessInitializeOnLoadMethodAttributes (188ms)
				AfterProcessingInitializeOnLoad (25ms)
				EditorAssembliesLoaded (2ms)
			ExecutionOrderSort2 (0ms)
			AwakeInstancesAfterBackupRestoration (32ms)
Platform modules already initialized, skipping
Refreshing native plugins compatible for Editor in 11.77 ms, found 2 plugins.
Preloading 0 native plugins for Editor in 0.00 ms.
Unloading 2108 Unused Serialized files (Serialized files now loaded: 0)
Unloading 15 unused Assets / (107.0 KB). Loaded Objects now: 2655.
Memory consumption went from 220.9 MB to 220.8 MB.
Total: 26.030270 ms (FindLiveObjects: 0.552921 ms CreateObjectMapping: 0.928085 ms MarkObjects: 24.330377 ms  DeleteObjects: 0.214544 ms)

AssetImportParameters requested are different than current active one (requested -> active):
  custom:video-decoder-ogg-theora: a1e56fd34408186e4bbccfd4996cb3dc -> 
  custom:container-muxer-webm: aa71ff27fc2769a1b78a27578f13a17b -> 
  custom:container-demuxer-webm: 4f35f7cbe854078d1ac9338744f61a02 -> 
  custom:video-encoder-webm-vp8: eb34c28f22e8b96e1ab97ce403110664 -> 
  custom:framework-osx-AVFoundation: e770b220cccbd017edd2c1fefb359320 -> 
  custom:audio-encoder-webm-vorbis: bf7c407c2cedff20999df2af8eb42d56 -> 
  custom:container-demuxer-ogg: 62fdf1f143b41e24485cea50d1cbac27 -> 
  custom:video-decoder-webm-vp8: 9c59270c3fd7afecdb556c50c9e8de78 -> 
  custom:audio-decoder-ogg-vorbis: bf7c407c2cedff20999df2af8eb42d56 -> 
